Using pre-set license
Built from '2021.1/release' branch; Version is '2021.1.0f1 (61a549675243) revision 6399305'; Using compiler version '192528614'; Build Type 'Release'
OS: 'Windows 10 Pro; OS build 19042.1348; Version 2009; 64bit' Language: 'en' Physical Memory: 16317 MB
BatchMode: 1, IsHumanControllingUs: 0, StartBugReporterOnCrash: 0, Is64bit: 1, IsPro: 0

 COMMAND LINE ARGUMENTS:
E:\2021.1.0f1\Editor\Unity.exe
-adb2
-batchMode
-noUpm
-name
AssetImportWorker0
-projectPath
E:/Unity Projects/Axie Energy Win Loss Tracker
-logFile
Logs/AssetImportWorker0.log
-srvPort
60317
Successfully changed project path to: E:/Unity Projects/Axie Energy Win Loss Tracker
E:/Unity Projects/Axie Energy Win Loss Tracker
Using Asset Import Pipeline V2.
Refreshing native plugins compatible for Editor in 129.25 ms, found 2 plugins.
Preloading 0 native plugins for Editor in 0.00 ms.
Initialize engine version: 2021.1.0f1 (61a549675243)
[Subsystems] Discovering subsystems at path E:/2021.1.0f1/Editor/Data/Resources/UnitySubsystems
[Subsystems] Discovering subsystems at path E:/Unity Projects/Axie Energy Win Loss Tracker/Assets
GfxDevice: creating device client; threaded=0; jobified=0
Direct3D:
    Version:  Direct3D 11.0 [level 11.1]
    Renderer: NVIDIA GeForce GTX 1660 SUPER (ID=0x21c4)
    Vendor:   NVIDIA
    VRAM:     5991 MB
    Driver:   30.0.14.7111
Initialize mono
Mono path[0] = 'E:/2021.1.0f1/Editor/Data/Managed'
Mono path[1] = 'E:/2021.1.0f1/Editor/Data/MonoBleedingEdge/lib/mono/unityjit'
Mono config path = 'E:/2021.1.0f1/Editor/Data/MonoBleedingEdge/etc'
Using monoOptions --debugger-agent=transport=dt_socket,embedding=1,server=y,suspend=n,address=127.0.0.1:56324
Begin MonoManager ReloadAssembly
Registering precompiled unity dll's ...
Register platform support module: E:/2021.1.0f1/Editor/Data/PlaybackEngines/WebGLSupport/UnityEditor.WebGL.Extensions.dll
Register platform support module: E:/2021.1.0f1/Editor/Data/PlaybackEngines/WindowsStandaloneSupport/UnityEditor.WindowsStandalone.Extensions.dll
Registered in 0.001549 seconds.
Native extension for WindowsStandalone target not found
Native extension for WebGL target not found
Refreshing native plugins compatible for Editor in 139.62 ms, found 2 plugins.
Preloading 0 native plugins for Editor in 0.00 ms.
Mono: successfully reloaded assembly
- Completed reload, in  2.016 seconds
Platform modules already initialized, skipping
Registering precompiled user dll's ...
Registered in 0.003418 seconds.
Begin MonoManager ReloadAssembly
Native extension for WindowsStandalone target not found
Native extension for WebGL target not found
Refreshing native plugins compatible for Editor in 143.99 ms, found 2 plugins.
Preloading 0 native plugins for Editor in 0.00 ms.
Mono: successfully reloaded assembly
- Completed reload, in  1.579 seconds
Platform modules already initialized, skipping
========================================================================
Worker process is ready to serve import requests
Launched and connected shader compiler UnityShaderCompiler.exe after 0.35 seconds
Refreshing native plugins compatible for Editor in 1.08 ms, found 2 plugins.
Preloading 0 native plugins for Editor in 0.00 ms.
Unloading 3430 Unused Serialized files (Serialized files now loaded: 0)
System memory in use before: 130.7 MB.
System memory in use after: 130.8 MB.

Unloading 29 unused Assets to reduce memory usage. Loaded Objects now: 3882.
Total: 2.955800 ms (FindLiveObjects: 0.426800 ms CreateObjectMapping: 0.133200 ms MarkObjects: 2.251400 ms  DeleteObjects: 0.141900 ms)

========================================================================
Received Import Request.
  path: Assets/PreFabs
  artifactKey: Guid(f55987ebeb1bd4047a2f34772f038e9e) Importer(815301076,1909f56bfc062723c751e8b465ee728b)
Start importing Assets/PreFabs using Guid(f55987ebeb1bd4047a2f34772f038e9e) Importer(815301076,1909f56bfc062723c751e8b465ee728b)  -> (artifact id: '8ee1d540135a18caeda7e8d3734f1412') in 0.014408 seconds 
========================================================================
Received Import Request.
  Time since last request: 13.249108 seconds.
  path: Assets/PreFabs/GFX Object.prefab
  artifactKey: Guid(cef60e0451e7f2843b20ffdc537655a9) Importer(815301076,1909f56bfc062723c751e8b465ee728b)
Start importing Assets/PreFabs/GFX Object.prefab using Guid(cef60e0451e7f2843b20ffdc537655a9) Importer(815301076,1909f56bfc062723c751e8b465ee728b)  -> (artifact id: 'c791781dc94fe40c89a4164263f4d6a1') in 0.258784 seconds 
========================================================================
Received Import Request.
  Time since last request: 4.442886 seconds.
  path: Assets/PreFabs/Audio Manager.prefab
  artifactKey: Guid(c381e56c3826cf549b88fef7ce2c0083) Importer(815301076,1909f56bfc062723c751e8b465ee728b)
Start importing Assets/PreFabs/Audio Manager.prefab using Guid(c381e56c3826cf549b88fef7ce2c0083) Importer(815301076,1909f56bfc062723c751e8b465ee728b)  -> (artifact id: '572494c0b7041068e207d815c7b3f0c4') in 0.014584 seconds 
========================================================================
Received Import Request.
  Time since last request: 1903.947026 seconds.
  path: Assets/GFX/axieuisprites/IMG_0791.PNG
  artifactKey: Guid(7e3eba096f2bec64ab8fae2d4cab045f) Importer(815301076,1909f56bfc062723c751e8b465ee728b)
Start importing Assets/GFX/axieuisprites/IMG_0791.PNG using Guid(7e3eba096f2bec64ab8fae2d4cab045f) Importer(815301076,1909f56bfc062723c751e8b465ee728b)  -> (artifact id: 'd29ae649733376029767b4f210e99ec5') in 0.178301 seconds 
========================================================================
Received Import Request.
  Time since last request: 121.075356 seconds.
  path: Assets/GFX/axieuisprites/IMG_0791.PNG
  artifactKey: Guid(7e3eba096f2bec64ab8fae2d4cab045f) Importer(815301076,1909f56bfc062723c751e8b465ee728b)
Start importing Assets/GFX/axieuisprites/IMG_0791.PNG using Guid(7e3eba096f2bec64ab8fae2d4cab045f) Importer(815301076,1909f56bfc062723c751e8b465ee728b)  -> (artifact id: '073b75d0ee697884059467545db32765') in 0.087064 seconds 
========================================================================
Received Prepare
Registering precompiled user dll's ...
Registered in 0.004349 seconds.
Begin MonoManager ReloadAssembly
Native extension for WindowsStandalone target not found
Native extension for WebGL target not found
Refreshing native plugins compatible for Editor in 0.99 ms, found 2 plugins.
Preloading 0 native plugins for Editor in 0.00 ms.
Mono: successfully reloaded assembly
- Completed reload, in  1.422 seconds
Platform modules already initialized, skipping
Refreshing native plugins compatible for Editor in 0.95 ms, found 2 plugins.
Preloading 0 native plugins for Editor in 0.00 ms.
Unloading 3413 Unused Serialized files (Serialized files now loaded: 0)
System memory in use before: 138.4 MB.
System memory in use after: 138.5 MB.

Unloading 19 unused Assets to reduce memory usage. Loaded Objects now: 3922.
Total: 3.070400 ms (FindLiveObjects: 0.321400 ms CreateObjectMapping: 0.097600 ms MarkObjects: 2.496600 ms  DeleteObjects: 0.152800 ms)

========================================================================
Received Prepare
Registering precompiled user dll's ...
Registered in 0.003153 seconds.
Begin MonoManager ReloadAssembly
Native extension for WindowsStandalone target not found
Native extension for WebGL target not found
Refreshing native plugins compatible for Editor in 2.09 ms, found 2 plugins.
Preloading 0 native plugins for Editor in 0.00 ms.
Mono: successfully reloaded assembly
- Completed reload, in  1.272 seconds
Platform modules already initialized, skipping
Refreshing native plugins compatible for Editor in 0.81 ms, found 2 plugins.
Preloading 0 native plugins for Editor in 0.00 ms.
Unloading 3412 Unused Serialized files (Serialized files now loaded: 0)
System memory in use before: 138.4 MB.
System memory in use after: 138.5 MB.

Unloading 17 unused Assets to reduce memory usage. Loaded Objects now: 3926.
Total: 3.749100 ms (FindLiveObjects: 0.443000 ms CreateObjectMapping: 0.139500 ms MarkObjects: 3.024300 ms  DeleteObjects: 0.140400 ms)

========================================================================
Received Prepare
Registering precompiled user dll's ...
Registered in 0.008263 seconds.
Begin MonoManager ReloadAssembly
Native extension for WindowsStandalone target not found
Native extension for WebGL target not found
Refreshing native plugins compatible for Editor in 1.16 ms, found 2 plugins.
Preloading 0 native plugins for Editor in 0.00 ms.
Mono: successfully reloaded assembly
- Completed reload, in  2.178 seconds
Platform modules already initialized, skipping
Refreshing native plugins compatible for Editor in 1.67 ms, found 2 plugins.
Preloading 0 native plugins for Editor in 0.00 ms.
Unloading 3412 Unused Serialized files (Serialized files now loaded: 0)
System memory in use before: 138.4 MB.
System memory in use after: 138.6 MB.

Unloading 17 unused Assets to reduce memory usage. Loaded Objects now: 3930.
Total: 8.197200 ms (FindLiveObjects: 0.651500 ms CreateObjectMapping: 0.614300 ms MarkObjects: 6.723500 ms  DeleteObjects: 0.204700 ms)

========================================================================
Received Import Request.
  Time since last request: 4280.721469 seconds.
  path: Assets/Scenes/MainG.unity
  artifactKey: Guid(9d5f0a9ea164a3845b0fdd69a7eb252c) Importer(815301076,1909f56bfc062723c751e8b465ee728b)
Start importing Assets/Scenes/MainG.unity using Guid(9d5f0a9ea164a3845b0fdd69a7eb252c) Importer(815301076,1909f56bfc062723c751e8b465ee728b)  -> (artifact id: '5ae80390c507d458a61b58384ff93c0f') in 0.024635 seconds 
========================================================================
Received Prepare
Registering precompiled user dll's ...
Registered in 0.003654 seconds.
Begin MonoManager ReloadAssembly
Native extension for WindowsStandalone target not found
Native extension for WebGL target not found
Refreshing native plugins compatible for Editor in 1.69 ms, found 2 plugins.
Preloading 0 native plugins for Editor in 0.00 ms.
Mono: successfully reloaded assembly
- Completed reload, in  1.345 seconds
Platform modules already initialized, skipping
Refreshing native plugins compatible for Editor in 0.81 ms, found 2 plugins.
Preloading 0 native plugins for Editor in 0.00 ms.
Unloading 3412 Unused Serialized files (Serialized files now loaded: 0)
System memory in use before: 138.5 MB.
System memory in use after: 138.6 MB.

Unloading 17 unused Assets to reduce memory usage. Loaded Objects now: 3934.
Total: 3.043200 ms (FindLiveObjects: 0.250600 ms CreateObjectMapping: 0.097800 ms MarkObjects: 2.536400 ms  DeleteObjects: 0.156800 ms)

AssetImportWorkerClient::OnTransportError - code=2 error=End of file
